-------------------------------------------------------------------------------
Test set: epam.project.service.impl.UserServiceTest
-------------------------------------------------------------------------------
Tests run: 2, Failures: 0, Errors: 2, Skipped: 0, Time elapsed: 0 s <<< FAILURE! - in epam.project.service.impl.UserServiceTest
takeAll(epam.project.service.impl.UserServiceTest)  Time elapsed: 0 s  <<< ERROR!
java.lang.reflect.UndeclaredThrowableException
	at epam.project.service.impl.UserServiceTest.takeAll(UserServiceTest.java:36)
Caused by: epam.project.database.dao.exception.ConnectionPoolException: Initialize error.
	at epam.project.service.impl.UserServiceTest.takeAll(UserServiceTest.java:36)
Caused by: java.sql.SQLNonTransientConnectionException: Cannot load connection class because of underlying exception: com.mysql.cj.exceptions.WrongArgumentException: Failed to parse the host:port pair 'null:null'.
	at epam.project.service.impl.UserServiceTest.takeAll(UserServiceTest.java:36)
Caused by: com.mysql.cj.exceptions.UnableToConnectException: Cannot load connection class because of underlying exception: com.mysql.cj.exceptions.WrongArgumentException: Failed to parse the host:port pair 'null:null'.
	at epam.project.service.impl.UserServiceTest.takeAll(UserServiceTest.java:36)
Caused by: com.mysql.cj.exceptions.WrongArgumentException: Failed to parse the host:port pair 'null:null'.
	at epam.project.service.impl.UserServiceTest.takeAll(UserServiceTest.java:36)
Caused by: java.lang.NumberFormatException: For input string: "null"
	at epam.project.service.impl.UserServiceTest.takeAll(UserServiceTest.java:36)

register(epam.project.service.impl.UserServiceTest)  Time elapsed: 0 s  <<< ERROR!
java.lang.reflect.UndeclaredThrowableException
	at epam.project.service.impl.UserServiceTest.register(UserServiceTest.java:44)
Caused by: epam.project.database.dao.exception.ConnectionPoolException: Initialize error.
	at epam.project.service.impl.UserServiceTest.register(UserServiceTest.java:44)
Caused by: java.sql.SQLNonTransientConnectionException: Cannot load connection class because of underlying exception: com.mysql.cj.exceptions.WrongArgumentException: Failed to parse the host:port pair 'null:null'.
	at epam.project.service.impl.UserServiceTest.register(UserServiceTest.java:44)
Caused by: com.mysql.cj.exceptions.UnableToConnectException: Cannot load connection class because of underlying exception: com.mysql.cj.exceptions.WrongArgumentException: Failed to parse the host:port pair 'null:null'.
	at epam.project.service.impl.UserServiceTest.register(UserServiceTest.java:44)
Caused by: com.mysql.cj.exceptions.WrongArgumentException: Failed to parse the host:port pair 'null:null'.
	at epam.project.service.impl.UserServiceTest.register(UserServiceTest.java:44)
Caused by: java.lang.NumberFormatException: For input string: "null"
	at epam.project.service.impl.UserServiceTest.register(UserServiceTest.java:44)

