-------------------------------------------------------------------------------
Test set: epam.project.database.dao.impl.UserDaoImplTest
-------------------------------------------------------------------------------
Tests run: 16, Failures: 0, Errors: 16, Skipped: 0, Time elapsed: 0.001 s <<< FAILURE! - in epam.project.database.dao.impl.UserDaoImplTest
getDeleteQuery(epam.project.database.dao.impl.UserDaoImplTest)  Time elapsed: 0 s  <<< ERROR!
epam.project.database.dao.exception.ConnectionPoolException: Initialize error.
	at epam.project.database.dao.impl.UserDaoImplTest.init(UserDaoImplTest.java:42)
Caused by: java.sql.SQLNonTransientConnectionException: Cannot load connection class because of underlying exception: com.mysql.cj.exceptions.WrongArgumentException: Failed to parse the host:port pair 'null:null'.
	at epam.project.database.dao.impl.UserDaoImplTest.init(UserDaoImplTest.java:42)
Caused by: com.mysql.cj.exceptions.UnableToConnectException: Cannot load connection class because of underlying exception: com.mysql.cj.exceptions.WrongArgumentException: Failed to parse the host:port pair 'null:null'.
	at epam.project.database.dao.impl.UserDaoImplTest.init(UserDaoImplTest.java:42)
Caused by: com.mysql.cj.exceptions.WrongArgumentException: Failed to parse the host:port pair 'null:null'.
	at epam.project.database.dao.impl.UserDaoImplTest.init(UserDaoImplTest.java:42)
Caused by: java.lang.NumberFormatException: For input string: "null"
	at epam.project.database.dao.impl.UserDaoImplTest.init(UserDaoImplTest.java:42)

getDeleteQuery(epam.project.database.dao.impl.UserDaoImplTest)  Time elapsed: 0 s  <<< ERROR!
java.lang.NullPointerException
	at epam.project.database.dao.impl.UserDaoImplTest.destroy(UserDaoImplTest.java:106)

persistTest(epam.project.database.dao.impl.UserDaoImplTest)  Time elapsed: 0 s  <<< ERROR!
epam.project.database.dao.exception.ConnectionPoolException: Initialize error.
	at epam.project.database.dao.impl.UserDaoImplTest.init(UserDaoImplTest.java:42)
Caused by: java.sql.SQLNonTransientConnectionException: Cannot load connection class because of underlying exception: com.mysql.cj.exceptions.WrongArgumentException: Failed to parse the host:port pair 'null:null'.
	at epam.project.database.dao.impl.UserDaoImplTest.init(UserDaoImplTest.java:42)
Caused by: com.mysql.cj.exceptions.UnableToConnectException: Cannot load connection class because of underlying exception: com.mysql.cj.exceptions.WrongArgumentException: Failed to parse the host:port pair 'null:null'.
	at epam.project.database.dao.impl.UserDaoImplTest.init(UserDaoImplTest.java:42)
Caused by: com.mysql.cj.exceptions.WrongArgumentException: Failed to parse the host:port pair 'null:null'.
	at epam.project.database.dao.impl.UserDaoImplTest.init(UserDaoImplTest.java:42)
Caused by: java.lang.NumberFormatException: For input string: "null"
	at epam.project.database.dao.impl.UserDaoImplTest.init(UserDaoImplTest.java:42)

persistTest(epam.project.database.dao.impl.UserDaoImplTest)  Time elapsed: 0 s  <<< ERROR!
java.lang.NullPointerException
	at epam.project.database.dao.impl.UserDaoImplTest.destroy(UserDaoImplTest.java:106)

getUpdateQuery(epam.project.database.dao.impl.UserDaoImplTest)  Time elapsed: 0 s  <<< ERROR!
epam.project.database.dao.exception.ConnectionPoolException: Initialize error.
	at epam.project.database.dao.impl.UserDaoImplTest.init(UserDaoImplTest.java:42)
Caused by: java.sql.SQLNonTransientConnectionException: Cannot load connection class because of underlying exception: com.mysql.cj.exceptions.WrongArgumentException: Failed to parse the host:port pair 'null:null'.
	at epam.project.database.dao.impl.UserDaoImplTest.init(UserDaoImplTest.java:42)
Caused by: com.mysql.cj.exceptions.UnableToConnectException: Cannot load connection class because of underlying exception: com.mysql.cj.exceptions.WrongArgumentException: Failed to parse the host:port pair 'null:null'.
	at epam.project.database.dao.impl.UserDaoImplTest.init(UserDaoImplTest.java:42)
Caused by: com.mysql.cj.exceptions.WrongArgumentException: Failed to parse the host:port pair 'null:null'.
	at epam.project.database.dao.impl.UserDaoImplTest.init(UserDaoImplTest.java:42)
Caused by: java.lang.NumberFormatException: For input string: "null"
	at epam.project.database.dao.impl.UserDaoImplTest.init(UserDaoImplTest.java:42)

getUpdateQuery(epam.project.database.dao.impl.UserDaoImplTest)  Time elapsed: 0 s  <<< ERROR!
java.lang.NullPointerException
	at epam.project.database.dao.impl.UserDaoImplTest.destroy(UserDaoImplTest.java:106)

getCreateQuery(epam.project.database.dao.impl.UserDaoImplTest)  Time elapsed: 0.001 s  <<< ERROR!
epam.project.database.dao.exception.ConnectionPoolException: Initialize error.
	at epam.project.database.dao.impl.UserDaoImplTest.init(UserDaoImplTest.java:42)
Caused by: java.sql.SQLNonTransientConnectionException: Cannot load connection class because of underlying exception: com.mysql.cj.exceptions.WrongArgumentException: Failed to parse the host:port pair 'null:null'.
	at epam.project.database.dao.impl.UserDaoImplTest.init(UserDaoImplTest.java:42)
Caused by: com.mysql.cj.exceptions.UnableToConnectException: Cannot load connection class because of underlying exception: com.mysql.cj.exceptions.WrongArgumentException: Failed to parse the host:port pair 'null:null'.
	at epam.project.database.dao.impl.UserDaoImplTest.init(UserDaoImplTest.java:42)
Caused by: com.mysql.cj.exceptions.WrongArgumentException: Failed to parse the host:port pair 'null:null'.
	at epam.project.database.dao.impl.UserDaoImplTest.init(UserDaoImplTest.java:42)
Caused by: java.lang.NumberFormatException: For input string: "null"
	at epam.project.database.dao.impl.UserDaoImplTest.init(UserDaoImplTest.java:42)

getCreateQuery(epam.project.database.dao.impl.UserDaoImplTest)  Time elapsed: 0.001 s  <<< ERROR!
java.lang.NullPointerException
	at epam.project.database.dao.impl.UserDaoImplTest.destroy(UserDaoImplTest.java:106)

getByPKTest(epam.project.database.dao.impl.UserDaoImplTest)  Time elapsed: 0 s  <<< ERROR!
epam.project.database.dao.exception.ConnectionPoolException: Initialize error.
	at epam.project.database.dao.impl.UserDaoImplTest.init(UserDaoImplTest.java:42)
Caused by: java.sql.SQLNonTransientConnectionException: Cannot load connection class because of underlying exception: com.mysql.cj.exceptions.WrongArgumentException: Failed to parse the host:port pair 'null:null'.
	at epam.project.database.dao.impl.UserDaoImplTest.init(UserDaoImplTest.java:42)
Caused by: com.mysql.cj.exceptions.UnableToConnectException: Cannot load connection class because of underlying exception: com.mysql.cj.exceptions.WrongArgumentException: Failed to parse the host:port pair 'null:null'.
	at epam.project.database.dao.impl.UserDaoImplTest.init(UserDaoImplTest.java:42)
Caused by: com.mysql.cj.exceptions.WrongArgumentException: Failed to parse the host:port pair 'null:null'.
	at epam.project.database.dao.impl.UserDaoImplTest.init(UserDaoImplTest.java:42)
Caused by: java.lang.NumberFormatException: For input string: "null"
	at epam.project.database.dao.impl.UserDaoImplTest.init(UserDaoImplTest.java:42)

getByPKTest(epam.project.database.dao.impl.UserDaoImplTest)  Time elapsed: 0 s  <<< ERROR!
java.lang.NullPointerException
	at epam.project.database.dao.impl.UserDaoImplTest.destroy(UserDaoImplTest.java:106)

updateTest(epam.project.database.dao.impl.UserDaoImplTest)  Time elapsed: 0 s  <<< ERROR!
epam.project.database.dao.exception.ConnectionPoolException: Initialize error.
	at epam.project.database.dao.impl.UserDaoImplTest.init(UserDaoImplTest.java:42)
Caused by: java.sql.SQLNonTransientConnectionException: Cannot load connection class because of underlying exception: com.mysql.cj.exceptions.WrongArgumentException: Failed to parse the host:port pair 'null:null'.
	at epam.project.database.dao.impl.UserDaoImplTest.init(UserDaoImplTest.java:42)
Caused by: com.mysql.cj.exceptions.UnableToConnectException: Cannot load connection class because of underlying exception: com.mysql.cj.exceptions.WrongArgumentException: Failed to parse the host:port pair 'null:null'.
	at epam.project.database.dao.impl.UserDaoImplTest.init(UserDaoImplTest.java:42)
Caused by: com.mysql.cj.exceptions.WrongArgumentException: Failed to parse the host:port pair 'null:null'.
	at epam.project.database.dao.impl.UserDaoImplTest.init(UserDaoImplTest.java:42)
Caused by: java.lang.NumberFormatException: For input string: "null"
	at epam.project.database.dao.impl.UserDaoImplTest.init(UserDaoImplTest.java:42)

updateTest(epam.project.database.dao.impl.UserDaoImplTest)  Time elapsed: 0 s  <<< ERROR!
java.lang.NullPointerException
	at epam.project.database.dao.impl.UserDaoImplTest.destroy(UserDaoImplTest.java:106)

getAllTest(epam.project.database.dao.impl.UserDaoImplTest)  Time elapsed: 0 s  <<< ERROR!
epam.project.database.dao.exception.ConnectionPoolException: Initialize error.
	at epam.project.database.dao.impl.UserDaoImplTest.init(UserDaoImplTest.java:42)
Caused by: java.sql.SQLNonTransientConnectionException: Cannot load connection class because of underlying exception: com.mysql.cj.exceptions.WrongArgumentException: Failed to parse the host:port pair 'null:null'.
	at epam.project.database.dao.impl.UserDaoImplTest.init(UserDaoImplTest.java:42)
Caused by: com.mysql.cj.exceptions.UnableToConnectException: Cannot load connection class because of underlying exception: com.mysql.cj.exceptions.WrongArgumentException: Failed to parse the host:port pair 'null:null'.
	at epam.project.database.dao.impl.UserDaoImplTest.init(UserDaoImplTest.java:42)
Caused by: com.mysql.cj.exceptions.WrongArgumentException: Failed to parse the host:port pair 'null:null'.
	at epam.project.database.dao.impl.UserDaoImplTest.init(UserDaoImplTest.java:42)
Caused by: java.lang.NumberFormatException: For input string: "null"
	at epam.project.database.dao.impl.UserDaoImplTest.init(UserDaoImplTest.java:42)

getAllTest(epam.project.database.dao.impl.UserDaoImplTest)  Time elapsed: 0 s  <<< ERROR!
java.lang.NullPointerException
	at epam.project.database.dao.impl.UserDaoImplTest.destroy(UserDaoImplTest.java:106)

deleteTest(epam.project.database.dao.impl.UserDaoImplTest)  Time elapsed: 0 s  <<< ERROR!
epam.project.database.dao.exception.ConnectionPoolException: Initialize error.
	at epam.project.database.dao.impl.UserDaoImplTest.init(UserDaoImplTest.java:42)
Caused by: java.sql.SQLNonTransientConnectionException: Cannot load connection class because of underlying exception: com.mysql.cj.exceptions.WrongArgumentException: Failed to parse the host:port pair 'null:null'.
	at epam.project.database.dao.impl.UserDaoImplTest.init(UserDaoImplTest.java:42)
Caused by: com.mysql.cj.exceptions.UnableToConnectException: Cannot load connection class because of underlying exception: com.mysql.cj.exceptions.WrongArgumentException: Failed to parse the host:port pair 'null:null'.
	at epam.project.database.dao.impl.UserDaoImplTest.init(UserDaoImplTest.java:42)
Caused by: com.mysql.cj.exceptions.WrongArgumentException: Failed to parse the host:port pair 'null:null'.
	at epam.project.database.dao.impl.UserDaoImplTest.init(UserDaoImplTest.java:42)
Caused by: java.lang.NumberFormatException: For input string: "null"
	at epam.project.database.dao.impl.UserDaoImplTest.init(UserDaoImplTest.java:42)

deleteTest(epam.project.database.dao.impl.UserDaoImplTest)  Time elapsed: 0 s  <<< ERROR!
java.lang.NullPointerException
	at epam.project.database.dao.impl.UserDaoImplTest.destroy(UserDaoImplTest.java:106)

