-------------------------------------------------------------------------------
Test set: epam.project.database.dao.ConnectionPoolTest.ConnectionPoolTest
-------------------------------------------------------------------------------
Tests run: 1, Failures: 0, Errors: 1, Skipped: 0, Time elapsed: 0.455 s <<< FAILURE! - in epam.project.database.dao.ConnectionPoolTest.ConnectionPoolTest
getConnectionTest(epam.project.database.dao.ConnectionPoolTest.ConnectionPoolTest)  Time elapsed: 0.395 s  <<< ERROR!
epam.project.database.dao.exception.ConnectionPoolException: Initialize error.
	at epam.project.database.dao.ConnectionPoolTest.ConnectionPoolTest.getConnectionTest(ConnectionPoolTest.java:41)
Caused by: java.sql.SQLNonTransientConnectionException: Cannot load connection class because of underlying exception: com.mysql.cj.exceptions.WrongArgumentException: Failed to parse the host:port pair 'null:null'.
	at epam.project.database.dao.ConnectionPoolTest.ConnectionPoolTest.getConnectionTest(ConnectionPoolTest.java:41)
Caused by: com.mysql.cj.exceptions.UnableToConnectException: Cannot load connection class because of underlying exception: com.mysql.cj.exceptions.WrongArgumentException: Failed to parse the host:port pair 'null:null'.
	at epam.project.database.dao.ConnectionPoolTest.ConnectionPoolTest.getConnectionTest(ConnectionPoolTest.java:41)
Caused by: com.mysql.cj.exceptions.WrongArgumentException: Failed to parse the host:port pair 'null:null'.
	at epam.project.database.dao.ConnectionPoolTest.ConnectionPoolTest.getConnectionTest(ConnectionPoolTest.java:41)
Caused by: java.lang.NumberFormatException: For input string: "null"
	at epam.project.database.dao.ConnectionPoolTest.ConnectionPoolTest.getConnectionTest(ConnectionPoolTest.java:41)

