-------------------------------------------------------------------------------
Test set: epam.project.database.dao.impl.BicycleDaoTest
-------------------------------------------------------------------------------
Tests run: 10, Failures: 0, Errors: 10, Skipped: 0, Time elapsed: 0.002 s <<< FAILURE! - in epam.project.database.dao.impl.BicycleDaoTest
persistTest(epam.project.database.dao.impl.BicycleDaoTest)  Time elapsed: 0 s  <<< ERROR!
epam.project.database.dao.exception.ConnectionPoolException: Initialize error.
	at epam.project.database.dao.impl.BicycleDaoTest.init(BicycleDaoTest.java:34)
Caused by: java.sql.SQLNonTransientConnectionException: Cannot load connection class because of underlying exception: com.mysql.cj.exceptions.WrongArgumentException: Failed to parse the host:port pair 'null:null'.
	at epam.project.database.dao.impl.BicycleDaoTest.init(BicycleDaoTest.java:34)
Caused by: com.mysql.cj.exceptions.UnableToConnectException: Cannot load connection class because of underlying exception: com.mysql.cj.exceptions.WrongArgumentException: Failed to parse the host:port pair 'null:null'.
	at epam.project.database.dao.impl.BicycleDaoTest.init(BicycleDaoTest.java:34)
Caused by: com.mysql.cj.exceptions.WrongArgumentException: Failed to parse the host:port pair 'null:null'.
	at epam.project.database.dao.impl.BicycleDaoTest.init(BicycleDaoTest.java:34)
Caused by: java.lang.NumberFormatException: For input string: "null"
	at epam.project.database.dao.impl.BicycleDaoTest.init(BicycleDaoTest.java:34)

persistTest(epam.project.database.dao.impl.BicycleDaoTest)  Time elapsed: 0.001 s  <<< ERROR!
java.lang.NullPointerException
	at epam.project.database.dao.impl.BicycleDaoTest.destroy(BicycleDaoTest.java:91)

getByPKTest(epam.project.database.dao.impl.BicycleDaoTest)  Time elapsed: 0 s  <<< ERROR!
epam.project.database.dao.exception.ConnectionPoolException: Initialize error.
	at epam.project.database.dao.impl.BicycleDaoTest.init(BicycleDaoTest.java:43)
Caused by: java.sql.SQLNonTransientConnectionException: Cannot load connection class because of underlying exception: com.mysql.cj.exceptions.WrongArgumentException: Failed to parse the host:port pair 'null:null'.
	at epam.project.database.dao.impl.BicycleDaoTest.init(BicycleDaoTest.java:43)
Caused by: com.mysql.cj.exceptions.UnableToConnectException: Cannot load connection class because of underlying exception: com.mysql.cj.exceptions.WrongArgumentException: Failed to parse the host:port pair 'null:null'.
	at epam.project.database.dao.impl.BicycleDaoTest.init(BicycleDaoTest.java:43)
Caused by: com.mysql.cj.exceptions.WrongArgumentException: Failed to parse the host:port pair 'null:null'.
	at epam.project.database.dao.impl.BicycleDaoTest.init(BicycleDaoTest.java:43)
Caused by: java.lang.NumberFormatException: For input string: "null"
	at epam.project.database.dao.impl.BicycleDaoTest.init(BicycleDaoTest.java:43)

getByPKTest(epam.project.database.dao.impl.BicycleDaoTest)  Time elapsed: 0 s  <<< ERROR!
java.lang.NullPointerException
	at epam.project.database.dao.impl.BicycleDaoTest.destroy(BicycleDaoTest.java:91)

updateTest(epam.project.database.dao.impl.BicycleDaoTest)  Time elapsed: 0 s  <<< ERROR!
epam.project.database.dao.exception.ConnectionPoolException: Initialize error.
	at epam.project.database.dao.impl.BicycleDaoTest.init(BicycleDaoTest.java:43)
Caused by: java.sql.SQLNonTransientConnectionException: Cannot load connection class because of underlying exception: com.mysql.cj.exceptions.WrongArgumentException: Failed to parse the host:port pair 'null:null'.
	at epam.project.database.dao.impl.BicycleDaoTest.init(BicycleDaoTest.java:43)
Caused by: com.mysql.cj.exceptions.UnableToConnectException: Cannot load connection class because of underlying exception: com.mysql.cj.exceptions.WrongArgumentException: Failed to parse the host:port pair 'null:null'.
	at epam.project.database.dao.impl.BicycleDaoTest.init(BicycleDaoTest.java:43)
Caused by: com.mysql.cj.exceptions.WrongArgumentException: Failed to parse the host:port pair 'null:null'.
	at epam.project.database.dao.impl.BicycleDaoTest.init(BicycleDaoTest.java:43)
Caused by: java.lang.NumberFormatException: For input string: "null"
	at epam.project.database.dao.impl.BicycleDaoTest.init(BicycleDaoTest.java:43)

updateTest(epam.project.database.dao.impl.BicycleDaoTest)  Time elapsed: 0 s  <<< ERROR!
java.lang.NullPointerException
	at epam.project.database.dao.impl.BicycleDaoTest.destroy(BicycleDaoTest.java:91)

getAllTest(epam.project.database.dao.impl.BicycleDaoTest)  Time elapsed: 0 s  <<< ERROR!
epam.project.database.dao.exception.ConnectionPoolException: Initialize error.
	at epam.project.database.dao.impl.BicycleDaoTest.init(BicycleDaoTest.java:43)
Caused by: java.sql.SQLNonTransientConnectionException: Cannot load connection class because of underlying exception: com.mysql.cj.exceptions.WrongArgumentException: Failed to parse the host:port pair 'null:null'.
	at epam.project.database.dao.impl.BicycleDaoTest.init(BicycleDaoTest.java:43)
Caused by: com.mysql.cj.exceptions.UnableToConnectException: Cannot load connection class because of underlying exception: com.mysql.cj.exceptions.WrongArgumentException: Failed to parse the host:port pair 'null:null'.
	at epam.project.database.dao.impl.BicycleDaoTest.init(BicycleDaoTest.java:43)
Caused by: com.mysql.cj.exceptions.WrongArgumentException: Failed to parse the host:port pair 'null:null'.
	at epam.project.database.dao.impl.BicycleDaoTest.init(BicycleDaoTest.java:43)
Caused by: java.lang.NumberFormatException: For input string: "null"
	at epam.project.database.dao.impl.BicycleDaoTest.init(BicycleDaoTest.java:43)

getAllTest(epam.project.database.dao.impl.BicycleDaoTest)  Time elapsed: 0 s  <<< ERROR!
java.lang.NullPointerException
	at epam.project.database.dao.impl.BicycleDaoTest.destroy(BicycleDaoTest.java:91)

deleteTest(epam.project.database.dao.impl.BicycleDaoTest)  Time elapsed: 0.001 s  <<< ERROR!
epam.project.database.dao.exception.ConnectionPoolException: Initialize error.
	at epam.project.database.dao.impl.BicycleDaoTest.init(BicycleDaoTest.java:43)
Caused by: java.sql.SQLNonTransientConnectionException: Cannot load connection class because of underlying exception: com.mysql.cj.exceptions.WrongArgumentException: Failed to parse the host:port pair 'null:null'.
	at epam.project.database.dao.impl.BicycleDaoTest.init(BicycleDaoTest.java:43)
Caused by: com.mysql.cj.exceptions.UnableToConnectException: Cannot load connection class because of underlying exception: com.mysql.cj.exceptions.WrongArgumentException: Failed to parse the host:port pair 'null:null'.
	at epam.project.database.dao.impl.BicycleDaoTest.init(BicycleDaoTest.java:43)
Caused by: com.mysql.cj.exceptions.WrongArgumentException: Failed to parse the host:port pair 'null:null'.
	at epam.project.database.dao.impl.BicycleDaoTest.init(BicycleDaoTest.java:43)
Caused by: java.lang.NumberFormatException: For input string: "null"
	at epam.project.database.dao.impl.BicycleDaoTest.init(BicycleDaoTest.java:43)

deleteTest(epam.project.database.dao.impl.BicycleDaoTest)  Time elapsed: 0.001 s  <<< ERROR!
java.lang.NullPointerException
	at epam.project.database.dao.impl.BicycleDaoTest.destroy(BicycleDaoTest.java:91)

