-------------------------------------------------------------------------------
Test set: epam.project.database.dao.impl.PointHireDaoTest
-------------------------------------------------------------------------------
Tests run: 10, Failures: 0, Errors: 10, Skipped: 0, Time elapsed: 0.001 s <<< FAILURE! - in epam.project.database.dao.impl.PointHireDaoTest
persistTest(epam.project.database.dao.impl.PointHireDaoTest)  Time elapsed: 0 s  <<< ERROR!
epam.project.database.dao.exception.ConnectionPoolException: Initialize error.
	at epam.project.database.dao.impl.PointHireDaoTest.init(PointHireDaoTest.java:37)
Caused by: java.sql.SQLNonTransientConnectionException: Cannot load connection class because of underlying exception: com.mysql.cj.exceptions.WrongArgumentException: Failed to parse the host:port pair 'null:null'.
	at epam.project.database.dao.impl.PointHireDaoTest.init(PointHireDaoTest.java:37)
Caused by: com.mysql.cj.exceptions.UnableToConnectException: Cannot load connection class because of underlying exception: com.mysql.cj.exceptions.WrongArgumentException: Failed to parse the host:port pair 'null:null'.
	at epam.project.database.dao.impl.PointHireDaoTest.init(PointHireDaoTest.java:37)
Caused by: com.mysql.cj.exceptions.WrongArgumentException: Failed to parse the host:port pair 'null:null'.
	at epam.project.database.dao.impl.PointHireDaoTest.init(PointHireDaoTest.java:37)
Caused by: java.lang.NumberFormatException: For input string: "null"
	at epam.project.database.dao.impl.PointHireDaoTest.init(PointHireDaoTest.java:37)

persistTest(epam.project.database.dao.impl.PointHireDaoTest)  Time elapsed: 0 s  <<< ERROR!
java.lang.NullPointerException
	at epam.project.database.dao.impl.PointHireDaoTest.destroy(PointHireDaoTest.java:87)

getByPKTest(epam.project.database.dao.impl.PointHireDaoTest)  Time elapsed: 0 s  <<< ERROR!
epam.project.database.dao.exception.ConnectionPoolException: Initialize error.
	at epam.project.database.dao.impl.PointHireDaoTest.init(PointHireDaoTest.java:37)
Caused by: java.sql.SQLNonTransientConnectionException: Cannot load connection class because of underlying exception: com.mysql.cj.exceptions.WrongArgumentException: Failed to parse the host:port pair 'null:null'.
	at epam.project.database.dao.impl.PointHireDaoTest.init(PointHireDaoTest.java:37)
Caused by: com.mysql.cj.exceptions.UnableToConnectException: Cannot load connection class because of underlying exception: com.mysql.cj.exceptions.WrongArgumentException: Failed to parse the host:port pair 'null:null'.
	at epam.project.database.dao.impl.PointHireDaoTest.init(PointHireDaoTest.java:37)
Caused by: com.mysql.cj.exceptions.WrongArgumentException: Failed to parse the host:port pair 'null:null'.
	at epam.project.database.dao.impl.PointHireDaoTest.init(PointHireDaoTest.java:37)
Caused by: java.lang.NumberFormatException: For input string: "null"
	at epam.project.database.dao.impl.PointHireDaoTest.init(PointHireDaoTest.java:37)

getByPKTest(epam.project.database.dao.impl.PointHireDaoTest)  Time elapsed: 0 s  <<< ERROR!
java.lang.NullPointerException
	at epam.project.database.dao.impl.PointHireDaoTest.destroy(PointHireDaoTest.java:87)

updateTest(epam.project.database.dao.impl.PointHireDaoTest)  Time elapsed: 0 s  <<< ERROR!
epam.project.database.dao.exception.ConnectionPoolException: Initialize error.
	at epam.project.database.dao.impl.PointHireDaoTest.init(PointHireDaoTest.java:37)
Caused by: java.sql.SQLNonTransientConnectionException: Cannot load connection class because of underlying exception: com.mysql.cj.exceptions.WrongArgumentException: Failed to parse the host:port pair 'null:null'.
	at epam.project.database.dao.impl.PointHireDaoTest.init(PointHireDaoTest.java:37)
Caused by: com.mysql.cj.exceptions.UnableToConnectException: Cannot load connection class because of underlying exception: com.mysql.cj.exceptions.WrongArgumentException: Failed to parse the host:port pair 'null:null'.
	at epam.project.database.dao.impl.PointHireDaoTest.init(PointHireDaoTest.java:37)
Caused by: com.mysql.cj.exceptions.WrongArgumentException: Failed to parse the host:port pair 'null:null'.
	at epam.project.database.dao.impl.PointHireDaoTest.init(PointHireDaoTest.java:37)
Caused by: java.lang.NumberFormatException: For input string: "null"
	at epam.project.database.dao.impl.PointHireDaoTest.init(PointHireDaoTest.java:37)

updateTest(epam.project.database.dao.impl.PointHireDaoTest)  Time elapsed: 0 s  <<< ERROR!
java.lang.NullPointerException
	at epam.project.database.dao.impl.PointHireDaoTest.destroy(PointHireDaoTest.java:87)

getAllTest(epam.project.database.dao.impl.PointHireDaoTest)  Time elapsed: 0.001 s  <<< ERROR!
epam.project.database.dao.exception.ConnectionPoolException: Initialize error.
	at epam.project.database.dao.impl.PointHireDaoTest.init(PointHireDaoTest.java:37)
Caused by: java.sql.SQLNonTransientConnectionException: Cannot load connection class because of underlying exception: com.mysql.cj.exceptions.WrongArgumentException: Failed to parse the host:port pair 'null:null'.
	at epam.project.database.dao.impl.PointHireDaoTest.init(PointHireDaoTest.java:37)
Caused by: com.mysql.cj.exceptions.UnableToConnectException: Cannot load connection class because of underlying exception: com.mysql.cj.exceptions.WrongArgumentException: Failed to parse the host:port pair 'null:null'.
	at epam.project.database.dao.impl.PointHireDaoTest.init(PointHireDaoTest.java:37)
Caused by: com.mysql.cj.exceptions.WrongArgumentException: Failed to parse the host:port pair 'null:null'.
	at epam.project.database.dao.impl.PointHireDaoTest.init(PointHireDaoTest.java:37)
Caused by: java.lang.NumberFormatException: For input string: "null"
	at epam.project.database.dao.impl.PointHireDaoTest.init(PointHireDaoTest.java:37)

getAllTest(epam.project.database.dao.impl.PointHireDaoTest)  Time elapsed: 0.001 s  <<< ERROR!
java.lang.NullPointerException
	at epam.project.database.dao.impl.PointHireDaoTest.destroy(PointHireDaoTest.java:87)

deleteTest(epam.project.database.dao.impl.PointHireDaoTest)  Time elapsed: 0 s  <<< ERROR!
epam.project.database.dao.exception.ConnectionPoolException: Initialize error.
	at epam.project.database.dao.impl.PointHireDaoTest.init(PointHireDaoTest.java:37)
Caused by: java.sql.SQLNonTransientConnectionException: Cannot load connection class because of underlying exception: com.mysql.cj.exceptions.WrongArgumentException: Failed to parse the host:port pair 'null:null'.
	at epam.project.database.dao.impl.PointHireDaoTest.init(PointHireDaoTest.java:37)
Caused by: com.mysql.cj.exceptions.UnableToConnectException: Cannot load connection class because of underlying exception: com.mysql.cj.exceptions.WrongArgumentException: Failed to parse the host:port pair 'null:null'.
	at epam.project.database.dao.impl.PointHireDaoTest.init(PointHireDaoTest.java:37)
Caused by: com.mysql.cj.exceptions.WrongArgumentException: Failed to parse the host:port pair 'null:null'.
	at epam.project.database.dao.impl.PointHireDaoTest.init(PointHireDaoTest.java:37)
Caused by: java.lang.NumberFormatException: For input string: "null"
	at epam.project.database.dao.impl.PointHireDaoTest.init(PointHireDaoTest.java:37)

deleteTest(epam.project.database.dao.impl.PointHireDaoTest)  Time elapsed: 0 s  <<< ERROR!
java.lang.NullPointerException
	at epam.project.database.dao.impl.PointHireDaoTest.destroy(PointHireDaoTest.java:87)

