<?xml version="1.0" encoding="UTF-8"?>
<testsuite xmlns:xsi="http://www.w3.org/2001/XMLSchema-instance" xsi:noNamespaceSchemaLocation="https://maven.apache.org/surefire/maven-surefire-plugin/xsd/surefire-test-report.xsd" name="epam.project.service.impl.UserServiceTest" time="0" tests="2" errors="2" skipped="0" failures="0">
  <properties>
[...]
</properties>
  <testcase name="takeAll" classname="epam.project.service.impl.UserServiceTest" time="0">
    <error type="java.lang.reflect.UndeclaredThrowableException">java.lang.reflect.UndeclaredThrowableException
	at epam.project.service.impl.UserServiceTest.takeAll(UserServiceTest.java:36)
Caused by: epam.project.database.dao.exception.ConnectionPoolException: Initialize error.
	at epam.project.service.impl.UserServiceTest.takeAll(UserServiceTest.java:36)
Caused by: java.sql.SQLNonTransientConnectionException: Cannot load connection class because of underlying exception: com.mysql.cj.exceptions.WrongArgumentException: Failed to parse the host:port pair 'null:null'.
	at epam.project.service.impl.UserServiceTest.takeAll(UserServiceTest.java:36)
Caused by: com.mysql.cj.exceptions.UnableToConnectException: Cannot load connection class because of underlying exception: com.mysql.cj.exceptions.WrongArgumentException: Failed to parse the host:port pair 'null:null'.
	at epam.project.service.impl.UserServiceTest.takeAll(UserServiceTest.java:36)
Caused by: com.mysql.cj.exceptions.WrongArgumentException: Failed to parse the host:port pair 'null:null'.
	at epam.project.service.impl.UserServiceTest.takeAll(UserServiceTest.java:36)
Caused by: java.lang.NumberFormatException: For input string: "null"
	at epam.project.service.impl.UserServiceTest.takeAll(UserServiceTest.java:36)
</error>
  </testcase>
  <testcase name="register" classname="epam.project.service.impl.UserServiceTest" time="0">
    <error type="java.lang.reflect.UndeclaredThrowableException">java.lang.reflect.UndeclaredThrowableException
	at epam.project.service.impl.UserServiceTest.register(UserServiceTest.java:44)
Caused by: epam.project.database.dao.exception.ConnectionPoolException: Initialize error.
	at epam.project.service.impl.UserServiceTest.register(UserServiceTest.java:44)
Caused by: java.sql.SQLNonTransientConnectionException: Cannot load connection class because of underlying exception: com.mysql.cj.exceptions.WrongArgumentException: Failed to parse the host:port pair 'null:null'.
	at epam.project.service.impl.UserServiceTest.register(UserServiceTest.java:44)
Caused by: com.mysql.cj.exceptions.UnableToConnectException: Cannot load connection class because of underlying exception: com.mysql.cj.exceptions.WrongArgumentException: Failed to parse the host:port pair 'null:null'.
	at epam.project.service.impl.UserServiceTest.register(UserServiceTest.java:44)
Caused by: com.mysql.cj.exceptions.WrongArgumentException: Failed to parse the host:port pair 'null:null'.
	at epam.project.service.impl.UserServiceTest.register(UserServiceTest.java:44)
Caused by: java.lang.NumberFormatException: For input string: "null"
	at epam.project.service.impl.UserServiceTest.register(UserServiceTest.java:44)
</error>
  </testcase>
</testsuite>